<?xml version="1.0" encoding="UTF-8"?>
<testsuites>
  <testsuite name="fastlane.lanes">
    
    
    
      
      <testcase classname="fastlane.lanes" name="0: default_platform" time="0.000424">
        
      </testcase>
    
      
      <testcase classname="fastlane.lanes" name="1: version_get_podspec" time="0.000434">
        
      </testcase>
    
      
      <testcase classname="fastlane.lanes" name="2: pod_lib_lint" time="62.351725">
        
          <failure message="/Users/qiuqixiang/.rvm/gems/ruby-2.7.0/gems/fastlane-2.212.1/fastlane/lib/fastlane/actions/actions_helper.rb:67:in `execute_action'&#10;/Users/qiuqixiang/.rvm/gems/ruby-2.7.0/gems/fastlane-2.212.1/fastlane/lib/fastlane/runner.rb:255:in `block in execute_action'&#10;/Users/qiuqixiang/.rvm/gems/ruby-2.7.0/gems/fastlane-2.212.1/fastlane/lib/fastlane/runner.rb:229:in `chdir'&#10;/Users/qiuqixiang/.rvm/gems/ruby-2.7.0/gems/fastlane-2.212.1/fastlane/lib/fastlane/runner.rb:229:in `execute_action'&#10;/Users/qiuqixiang/.rvm/gems/ruby-2.7.0/gems/fastlane-2.212.1/fastlane/lib/fastlane/runner.rb:157:in `trigger_action_by_name'&#10;/Users/qiuqixiang/.rvm/gems/ruby-2.7.0/gems/fastlane-2.212.1/fastlane/lib/fastlane/fast_file.rb:159:in `method_missing'&#10;Fastfile:33:in `block (2 levels) in parsing_binding'&#10;/Users/qiuqixiang/.rvm/gems/ruby-2.7.0/gems/fastlane-2.212.1/fastlane/lib/fastlane/lane.rb:33:in `call'&#10;/Users/qiuqixiang/.rvm/gems/ruby-2.7.0/gems/fastlane-2.212.1/fastlane/lib/fastlane/runner.rb:49:in `block in execute'&#10;/Users/qiuqixiang/.rvm/gems/ruby-2.7.0/gems/fastlane-2.212.1/fastlane/lib/fastlane/runner.rb:45:in `chdir'&#10;/Users/qiuqixiang/.rvm/gems/ruby-2.7.0/gems/fastlane-2.212.1/fastlane/lib/fastlane/runner.rb:45:in `execute'&#10;/Users/qiuqixiang/.rvm/gems/ruby-2.7.0/gems/fastlane-2.212.1/fastlane/lib/fastlane/lane_manager.rb:47:in `cruise_lane'&#10;/Users/qiuqixiang/.rvm/gems/ruby-2.7.0/gems/fastlane-2.212.1/fastlane/lib/fastlane/command_line_handler.rb:36:in `handle'&#10;/Users/qiuqixiang/.rvm/gems/ruby-2.7.0/gems/fastlane-2.212.1/fastlane/lib/fastlane/commands_generator.rb:110:in `block (2 levels) in run'&#10;/Users/qiuqixiang/.rvm/gems/ruby-2.7.0/gems/commander-4.6.0/lib/commander/command.rb:187:in `call'&#10;/Users/qiuqixiang/.rvm/gems/ruby-2.7.0/gems/commander-4.6.0/lib/commander/command.rb:157:in `run'&#10;/Users/qiuqixiang/.rvm/gems/ruby-2.7.0/gems/commander-4.6.0/lib/commander/runner.rb:444:in `run_active_command'&#10;/Users/qiuqixiang/.rvm/gems/ruby-2.7.0/gems/fastlane-2.212.1/fastlane_core/lib/fastlane_core/ui/fastlane_runner.rb:124:in `run!'&#10;/Users/qiuqixiang/.rvm/gems/ruby-2.7.0/gems/commander-4.6.0/lib/commander/delegates.rb:18:in `run!'&#10;/Users/qiuqixiang/.rvm/gems/ruby-2.7.0/gems/fastlane-2.212.1/fastlane/lib/fastlane/commands_generator.rb:354:in `run'&#10;/Users/qiuqixiang/.rvm/gems/ruby-2.7.0/gems/fastlane-2.212.1/fastlane/lib/fastlane/commands_generator.rb:43:in `start'&#10;/Users/qiuqixiang/.rvm/gems/ruby-2.7.0/gems/fastlane-2.212.1/fastlane/lib/fastlane/cli_tools_distributor.rb:123:in `take_off'&#10;/Users/qiuqixiang/.rvm/gems/ruby-2.7.0/gems/fastlane-2.212.1/bin/fastlane:23:in `&lt;top (required)&gt;'&#10;/Users/qiuqixiang/.rvm/gems/ruby-2.7.0/bin/fastlane:23:in `load'&#10;/Users/qiuqixiang/.rvm/gems/ruby-2.7.0/bin/fastlane:23:in `&lt;main&gt;'&#10;/Users/qiuqixiang/.rvm/gems/ruby-2.7.0/bin/ruby_executable_hooks:24:in `eval'&#10;/Users/qiuqixiang/.rvm/gems/ruby-2.7.0/bin/ruby_executable_hooks:24:in `&lt;main&gt;'&#10;&#10;Exit status of command 'bundle exec pod lib lint --allow-warnings' was 1 instead of 0.&#10;&#10; -&gt; WZFoundationExtension -&gt; WZFoundationExtension (3.2.9)&#10;    - WARN  | description: The description is shorter than the summary.&#10;    - WARN  | url: There was a problem validating the URL https://github.com/WZLYiOS/WZFoundationExtension.git.&#10;    - NOTE  | [WZFoundationExtension/Foundation,WZFoundationExtension/UI] xcodebuild:  note: Using codesigning identity override: -&#10;    - NOTE  | [WZFoundationExtension/Foundation,WZFoundationExtension/UI] xcodebuild:  note: Building targets in dependency order&#10;    - NOTE  | [WZFoundationExtension/Foundation,WZFoundationExtension/UI] xcodebuild:  note: Target dependency graph (3 targets)&#10;    - NOTE  | [WZFoundationExtension/Foundation] xcodebuild:  note: Signing static framework with --generate-pre-encrypt-hashes (in target 'WZFoundationExtension' from project 'Pods')&#10;    - NOTE  | [WZFoundationExtension/Foundation] xcodebuild:  note: Signing static framework with --generate-pre-encrypt-hashes (in target 'Pods-App' from project 'Pods')&#10;    - NOTE  | [WZFoundationExtension/Foundation] xcodebuild:  note: Metadata extraction skipped. No AppIntents.framework dependency found. (in target 'App' from project 'App')&#10;    - ERROR | [iOS] [WZFoundationExtension/UI] xcodebuild: Returned an unsuccessful exit code. You can use `--verbose` for more information.&#10;    - ERROR | [WZFoundationExtension/UI] xcodebuild:  /Users/qiuqixiang/Desktop/iOS/WZKit/WZFoundationExtension/WZFoundationExtension/Classes/UI/UIAlertController+.swift:12:18: error: cannot find type 'NamespaceWrappable' in scope&#10;    - ERROR | [WZFoundationExtension/UI] xcodebuild:  /Users/qiuqixiang/Desktop/iOS/WZKit/WZFoundationExtension/WZFoundationExtension/Classes/UI/UIButton+.swift:19:18: error: cannot find type 'NamespaceWrappable' in scope&#10;    - ERROR | [WZFoundationExtension/UI] xcodebuild:  /Users/qiuqixiang/Desktop/iOS/WZKit/WZFoundationExtension/WZFoundationExtension/Classes/UI/UICollectionView+.swift:13:18: error: cannot find type 'NamespaceWrappable' in scope&#10;    - ERROR | [WZFoundationExtension/UI] xcodebuild:  /Users/qiuqixiang/Desktop/iOS/WZKit/WZFoundationExtension/WZFoundationExtension/Classes/UI/UIColor+.swift:64:18: error: cannot find type 'NamespaceWrappable' in scope&#10;    - ERROR | [WZFoundationExtension/UI] xcodebuild:  /Users/qiuqixiang/Desktop/iOS/WZKit/WZFoundationExtension/WZFoundationExtension/Classes/UI/UIControl+.swift:19:18: error: cannot find type 'NamespaceWrappable' in scope&#10;    - ERROR | [WZFoundationExtension/UI] xcodebuild:  /Users/qiuqixiang/Desktop/iOS/WZKit/WZFoundationExtension/WZFoundationExtension/Classes/UI/UIControl+.swift:48:17: error: value of type 'UIControl' has no member 'wz'&#10;    - ERROR | [WZFoundationExtension/UI] xcodebuild:  /Users/qiuqixiang/Desktop/iOS/WZKit/WZFoundationExtension/WZFoundationExtension/Classes/UI/UIControl+.swift:51:21: error: value of type 'UIControl' has no member 'wz'&#10;    - ERROR | [WZFoundationExtension/UI] xcodebuild:  /Users/qiuqixiang/Desktop/iOS/WZKit/WZFoundationExtension/WZFoundationExtension/Classes/UI/UIDevice+.swift:14:18: error: cannot find type 'NamespaceWrappable' in scope&#10;    - ERROR | [WZFoundationExtension/UI] xcodebuild:  /Users/qiuqixiang/Desktop/iOS/WZKit/WZFoundationExtension/WZFoundationExtension/Classes/UI/UIImage+.swift:12:18: error: cannot find type 'NamespaceWrappable' in scope&#10;    - ERROR | [WZFoundationExtension/UI] xcodebuild:  /Users/qiuqixiang/Desktop/iOS/WZKit/WZFoundationExtension/WZFoundationExtension/Classes/UI/UILabel+.swift:11:18: error: cannot find type 'NamespaceWrappable' in scope&#10;    - ERROR | [WZFoundationExtension/UI] xcodebuild:  /Users/qiuqixiang/Desktop/iOS/WZKit/WZFoundationExtension/WZFoundationExtension/Classes/UI/UIScreen+.swift:14:18: error: cannot find type 'NamespaceWrappable' in scope&#10;    - ERROR | [WZFoundationExtension/UI] xcodebuild:  /Users/qiuqixiang/Desktop/iOS/WZKit/WZFoundationExtension/WZFoundationExtension/Classes/UI/UIStackView+.swift:14:18: error: cannot find type 'NamespaceWrappable' in scope&#10;    - ERROR | [WZFoundationExtension/UI] xcodebuild:  /Users/qiuqixiang/Desktop/iOS/WZKit/WZFoundationExtension/WZFoundationExtension/Classes/UI/UITableView+.swift:12:18: error: cannot find type 'NamespaceWrappable' in scope&#10;    - ERROR | [WZFoundationExtension/UI] xcodebuild:  /Users/qiuqixiang/Desktop/iOS/WZKit/WZFoundationExtension/WZFoundationExtension/Classes/UI/UIView+.swift:19:18: error: cannot find type 'NamespaceWrappable' in scope&#10;    - ERROR | [WZFoundationExtension/UI] xcodebuild:  /Users/qiuqixiang/Desktop/iOS/WZKit/WZFoundationExtension/WZFoundationExtension/Classes/UI/WZCAGradientView.swift:54:38: error: type 'UIView' has no member 'wz'&#10;&#10;[!] WZFoundationExtension did not pass validation, due to 16 errors.&#10;You can use the `--no-clean` option to inspect any issue.&#10;" />
        
      </testcase>
    
  </testsuite>
</testsuites>
